\BOOKMARK [0][-]{chapter.1}{Introduction}{}% 1
\BOOKMARK [1][-]{section.1.1}{Sujet}{chapter.1}% 2
\BOOKMARK [1][-]{section.1.2}{Limite du syst\350me}{chapter.1}% 3
\BOOKMARK [0][-]{chapter.2}{Scenarios}{}% 4
\BOOKMARK [1][-]{section.2.1}{Etudiants}{chapter.2}% 5
\BOOKMARK [2][-]{subsection.2.1.1}{Notifications}{section.2.1}% 6
\BOOKMARK [2][-]{subsection.2.1.2}{Restauration}{section.2.1}% 7
\BOOKMARK [2][-]{subsection.2.1.3}{Plan \(g\351o-localisation\)}{section.2.1}% 8
\BOOKMARK [2][-]{subsection.2.1.4}{Biblioth\350que}{section.2.1}% 9
\BOOKMARK [2][-]{subsection.2.1.5}{\311v\351nements culturels}{section.2.1}% 10
\BOOKMARK [2][-]{subsection.2.1.6}{S\351curit\351}{section.2.1}% 11
\BOOKMARK [1][-]{section.2.2}{Non Etudiant \(\351quipe p\351dagogique/chercheurs\)}{chapter.2}% 12
\BOOKMARK [2][-]{subsection.2.2.1}{Emploi du temps}{section.2.2}% 13
\BOOKMARK [2][-]{subsection.2.2.2}{Actions sur les b\342timents}{section.2.2}% 14
\BOOKMARK [2][-]{subsection.2.2.3}{Chauffage}{section.2.2}% 15
\BOOKMARK [0][-]{chapter.3}{Diagramme des cas d'utilisations}{}% 16
\BOOKMARK [1][-]{section.3.1}{Biblioth\350que}{chapter.3}% 17
\BOOKMARK [1][-]{section.3.2}{Culturels}{chapter.3}% 18
\BOOKMARK [1][-]{section.3.3}{Emploi du temps}{chapter.3}% 19
\BOOKMARK [1][-]{section.3.4}{G\351o-localisation}{chapter.3}% 20
\BOOKMARK [1][-]{section.3.5}{Notifications}{chapter.3}% 21
\BOOKMARK [1][-]{section.3.6}{Restauration}{chapter.3}% 22
\BOOKMARK [1][-]{section.3.7}{S\351curit\351}{chapter.3}% 23
\BOOKMARK [0][-]{chapter.4}{Diagramme de classe}{}% 24
\BOOKMARK [0][-]{chapter.5}{Glossaire}{}% 25
