Release 12.4 - xst M.81d (lin)
Copyright (c) 1995-2010 Xilinx, Inc.  All rights reserved.
--> 
Parameter TMPDIR set to xst/projnav.tmp


Total REAL time to Xst completion: 0.00 secs
Total CPU time to Xst completion: 0.05 secs
 
--> 
Parameter xsthdpdir set to xst


Total REAL time to Xst completion: 0.00 secs
Total CPU time to Xst completion: 0.05 secs
 
--> 
Reading design: didact_top.prj

TABLE OF CONTENTS
  1) Synthesis Options Summary
  2) HDL Parsing
  3) HDL Elaboration
  4) HDL Synthesis
       4.1) HDL Synthesis Report
  5) Advanced HDL Synthesis
       5.1) Advanced HDL Synthesis Report
  6) Low Level Synthesis
  7) Partition Report
  8) Design Summary
       8.1) Primitive and Black Box Usage
       8.2) Device utilization summary
       8.3) Partition Resource Summary
       8.4) Timing Report
            8.4.1) Clock Information
            8.4.2) Asynchronous Control Signals Information
            8.4.3) Timing Summary
            8.4.4) Timing Details
            8.4.5) Cross Clock Domains Report


=========================================================================
*                      Synthesis Options Summary                        *
=========================================================================
---- Source Parameters
Input File Name                    : "didact_top.prj"
Input Format                       : mixed
Ignore Synthesis Constraint File   : NO

---- Target Parameters
Output File Name                   : "didact_top"
Output Format                      : NGC
Target Device                      : xc6slx16-3-csg324

---- Source Options
Top Module Name                    : didact_top
Automatic FSM Extraction           : YES
FSM Encoding Algorithm             : Auto
Safe Implementation                : No
FSM Style                          : LUT
RAM Extraction                     : Yes
RAM Style                          : Auto
ROM Extraction                     : Yes
Shift Register Extraction          : YES
ROM Style                          : Auto
Resource Sharing                   : YES
Asynchronous To Synchronous        : NO
Shift Register Minimum Size        : 2
Use DSP Block                      : Auto
Automatic Register Balancing       : No

---- Target Options
LUT Combining                      : Auto
Reduce Control Sets                : Auto
Add IO Buffers                     : YES
Global Maximum Fanout              : 100000
Add Generic Clock Buffer(BUFG)     : 16
Register Duplication               : YES
Optimize Instantiated Primitives   : NO
Use Clock Enable                   : Auto
Use Synchronous Set                : Auto
Use Synchronous Reset              : Auto
Pack IO Registers into IOBs        : Auto
Equivalent register Removal        : YES

---- General Options
Optimization Goal                  : Speed
Optimization Effort                : 1
Power Reduction                    : NO
Keep Hierarchy                     : No
Netlist Hierarchy                  : As_Optimized
RTL Output                         : Yes
Global Optimization                : AllClockNets
Read Cores                         : YES
Write Timing Constraints           : NO
Cross Clock Analysis               : NO
Hierarchy Separator                : /
Bus Delimiter                      : <>
Case Specifier                     : Maintain
Slice Utilization Ratio            : 100
BRAM Utilization Ratio             : 100
DSP48 Utilization Ratio            : 100
Auto BRAM Packing                  : NO
Slice Utilization Ratio Delta      : 5

---- Other Options
Cores Search Directories           : {"ipcore_dir"  }

=========================================================================


=========================================================================
*                          HDL Parsing                                  *
=========================================================================
Parsing VHDL file "/home/m1/douaille/didact_sc/ipcore_dir/dcm1.vhd" into library work
Parsing entity <dcm1>.
Parsing architecture <xilinx> of entity <dcm1>.
Parsing VHDL file "/home/m1/douaille/didact_sc/ipcore_dir/rom_msa.vhd" into library work
Parsing entity <rom_msa>.
Parsing architecture <rom_msa_a> of entity <rom_msa>.
Parsing VHDL file "/home/m1/douaille/didact_sc/msa_sc.vhf" into library work
Parsing entity <msa_sc>.
Parsing architecture <BEHAVIORAL> of entity <msa_sc>.
Parsing VHDL file "/home/m1/douaille/didact_sc/encodeur_sc.vhf" into library work
Parsing entity <encodeur_sc>.
Parsing architecture <BEHAVIORAL> of entity <encodeur_sc>.
Parsing VHDL file "/home/m1/douaille/didact_sc/diviseur_clk.vhd" into library work
Parsing entity <diviseur_clk>.
Parsing architecture <Behavioral> of entity <diviseur_clk>.
Parsing VHDL file "/home/m1/douaille/didact_sc/debounce_sc.vhf" into library work
Parsing entity <debounce_sc>.
Parsing architecture <BEHAVIORAL> of entity <debounce_sc>.
Parsing VHDL file "/home/m1/douaille/didact_sc/didact_top.vhf" into library work
Parsing entity <SR8CE_HXILINX_didact_top>.
Parsing architecture <Behavioral> of entity <sr8ce_hxilinx_didact_top>.
Parsing entity <encodeur_sc_MUSER_didact_top>.
Parsing architecture <BEHAVIORAL> of entity <encodeur_sc_muser_didact_top>.
Parsing entity <debounce_sc_MUSER_didact_top>.
Parsing architecture <BEHAVIORAL> of entity <debounce_sc_muser_didact_top>.
Parsing entity <msa_sc_MUSER_didact_top>.
Parsing architecture <BEHAVIORAL> of entity <msa_sc_muser_didact_top>.
Parsing entity <didact_top>.
Parsing architecture <BEHAVIORAL> of entity <didact_top>.

=========================================================================
*                            HDL Elaboration                            *
=========================================================================

Elaborating entity <didact_top> (architecture <BEHAVIORAL>) from library <work>.

Elaborating entity <dcm1> (architecture <xilinx>) from library <work>.

Elaborating entity <debounce_sc_MUSER_didact_top> (architecture <BEHAVIORAL>) from library <work>.

Elaborating entity <diviseur_clk> (architecture <Behavioral>) from library <work>.

Elaborating entity <msa_sc_MUSER_didact_top> (architecture <BEHAVIORAL>) from library <work>.

Elaborating entity <rom_msa> (architecture <rom_msa_a>) from library <work>.

Elaborating entity <SR8CE_HXILINX_didact_top> (architecture <Behavioral>) from library <work>.

Elaborating entity <encodeur_sc_MUSER_didact_top> (architecture <BEHAVIORAL>) from library <work>.

=========================================================================
*                           HDL Synthesis                               *
=========================================================================

Synthesizing Unit <didact_top>.
    Related source file is "/home/m1/douaille/didact_sc/didact_top.vhf".
    Set property "HU_SET = SHIFTREG_INST_0" for instance <shiftreg_inst>.
INFO:Xst:3010 - "/home/m1/douaille/didact_sc/didact_top.vhf" line 409: Output port <etatpres> of the instance <msa_inst> is unconnected or connected to loadless signal.
INFO:Xst:3010 - "/home/m1/douaille/didact_sc/didact_top.vhf" line 409: Output port <etatsuiv> of the instance <msa_inst> is unconnected or connected to loadless signal.
    Summary:
	no macro.
Unit <didact_top> synthesized.

Synthesizing Unit <dcm1>.
    Related source file is "/home/m1/douaille/didact_sc/ipcore_dir/dcm1.vhd".
    Summary:
	no macro.
Unit <dcm1> synthesized.

Synthesizing Unit <debounce_sc_MUSER_didact_top>.
    Related source file is "/home/m1/douaille/didact_sc/didact_top.vhf".
    Summary:
	no macro.
Unit <debounce_sc_MUSER_didact_top> synthesized.

Synthesizing Unit <diviseur_clk>.
    Related source file is "/home/m1/douaille/didact_sc/diviseur_clk.vhd".
    Found 22-bit register for signal <cnt2hz>.
    Found 1-bit register for signal <clk2hz>.
    Found 1-bit register for signal <div16hz_temp>.
    Found 19-bit register for signal <cnt16hz>.
    Found 1-bit register for signal <clk16hz>.
    Found 1-bit register for signal <div2khz_temp>.
    Found 12-bit register for signal <cnt2khz>.
    Found 1-bit register for signal <clk2khz>.
    Found 1-bit register for signal <div2hz_temp>.
    Found 22-bit adder for signal <cnt2hz[21]_GND_14_o_add_1_OUT> created at line 60.
    Found 19-bit adder for signal <cnt16hz[18]_GND_14_o_add_4_OUT> created at line 70.
    Found 12-bit adder for signal <cnt2khz[11]_GND_14_o_add_7_OUT> created at line 80.
    Found 22-bit comparator greater for signal <n0000> created at line 55
    Found 19-bit comparator greater for signal <n0006> created at line 65
    Found 12-bit comparator greater for signal <n0012> created at line 75
    Summary:
	inferred   3 Adder/Subtractor(s).
	inferred  59 D-type flip-flop(s).
	inferred   3 Comparator(s).
Unit <diviseur_clk> synthesized.

Synthesizing Unit <msa_sc_MUSER_didact_top>.
    Related source file is "/home/m1/douaille/didact_sc/didact_top.vhf".
    Summary:
	no macro.
Unit <msa_sc_MUSER_didact_top> synthesized.

Synthesizing Unit <SR8CE_HXILINX_didact_top>.
    Related source file is "/home/m1/douaille/didact_sc/didact_top.vhf".
    Found 8-bit register for signal <q_tmp>.
    Summary:
	inferred   8 D-type flip-flop(s).
Unit <SR8CE_HXILINX_didact_top> synthesized.

Synthesizing Unit <encodeur_sc_MUSER_didact_top>.
    Related source file is "/home/m1/douaille/didact_sc/didact_top.vhf".
    Set property "INIT = 44" for instance <LUT1_inst>.
    Set property "INIT = 10" for instance <LUT2_inst>.
    Summary:
	no macro.
Unit <encodeur_sc_MUSER_didact_top> synthesized.
RTL-Simplification CPUSTAT: 0.02 
RTL-BasicInf CPUSTAT: 0.14 
RTL-BasicOpt CPUSTAT: 0.00 
RTL-Remain-Bus CPUSTAT: 0.00 

=========================================================================
HDL Synthesis Report

Macro Statistics
# Adders/Subtractors                                   : 3
 12-bit adder                                          : 1
 19-bit adder                                          : 1
 22-bit adder                                          : 1
# Registers                                            : 10
 1-bit register                                        : 6
 12-bit register                                       : 1
 19-bit register                                       : 1
 22-bit register                                       : 1
 8-bit register                                        : 1
# Comparators                                          : 3
 12-bit comparator greater                             : 1
 19-bit comparator greater                             : 1
 22-bit comparator greater                             : 1

=========================================================================

=========================================================================
*                       Advanced HDL Synthesis                          *
=========================================================================

Reading core <ipcore_dir/rom_msa.ngc>.
Loading core <rom_msa> for timing and area information for instance <rom_inst>.

Synthesizing (advanced) Unit <diviseur_clk>.
The following registers are absorbed into counter <cnt2hz>: 1 register on signal <cnt2hz>.
The following registers are absorbed into counter <cnt16hz>: 1 register on signal <cnt16hz>.
The following registers are absorbed into counter <cnt2khz>: 1 register on signal <cnt2khz>.
Unit <diviseur_clk> synthesized (advanced).

=========================================================================
Advanced HDL Synthesis Report

Macro Statistics
# Counters                                             : 3
 12-bit up counter                                     : 1
 19-bit up counter                                     : 1
 22-bit up counter                                     : 1
# Registers                                            : 26
 Flip-Flops                                            : 26
# Comparators                                          : 3
 12-bit comparator greater                             : 1
 19-bit comparator greater                             : 1
 22-bit comparator greater                             : 1

=========================================================================

=========================================================================
*                         Low Level Synthesis                           *
=========================================================================

Optimizing unit <didact_top> ...

Optimizing unit <msa_sc_MUSER_didact_top> ...

Optimizing unit <SR8CE_HXILINX_didact_top> ...

Optimizing unit <diviseur_clk> ...

Mapping all equations...
Building and optimizing final netlist ...
Found area constraint ratio of 100 (+ 5) on block didact_top, actual ratio is 1.

Final Macro Processing ...

=========================================================================
Final Register Report

Macro Statistics
# Registers                                            : 79
 Flip-Flops                                            : 79

=========================================================================

=========================================================================
*                           Partition Report                            *
=========================================================================

Partition Implementation Status
-------------------------------

  No Partitions were found in this design.

-------------------------------

=========================================================================
*                            Design Summary                             *
=========================================================================

Top Level Output File Name         : didact_top.ngc

Primitive and Black Box Usage:
------------------------------
# BELS                             : 195
#      AND3                        : 3
#      BUF                         : 10
#      GND                         : 2
#      INV                         : 6
#      LUT1                        : 50
#      LUT2                        : 3
#      LUT3                        : 2
#      LUT4                        : 4
#      LUT5                        : 1
#      LUT6                        : 7
#      MUXCY                       : 50
#      MUXF7                       : 1
#      OR3                         : 1
#      VCC                         : 2
#      XORCY                       : 53
# FlipFlops/Latches                : 79
#      FD                          : 15
#      FDC                         : 3
#      FDCE                        : 8
#      FDR                         : 53
# Clock Buffers                    : 2
#      BUFG                        : 2
# IO Buffers                       : 13
#      IBUF                        : 4
#      IBUFG                       : 1
#      OBUF                        : 8
# DCMs                             : 1
#      DCM_SP                      : 1

Device utilization summary:
---------------------------

Selected Device : 6slx16csg324-3 


Slice Logic Utilization: 
 Number of Slice Registers:              79  out of  18224     0%  
 Number of Slice LUTs:                   73  out of   9112     0%  
    Number used as Logic:                73  out of   9112     0%  

Slice Logic Distribution: 
 Number of LUT Flip Flop pairs used:     93
   Number with an unused Flip Flop:      14  out of     93    15%  
   Number with an unused LUT:            20  out of     93    21%  
   Number of fully used LUT-FF pairs:    59  out of     93    63%  
   Number of unique control sets:         7

IO Utilization: 
 Number of IOs:                          13
 Number of bonded IOBs:                  13  out of    232     5%  

Specific Feature Utilization:
 Number of BUFG/BUFGCTRLs:                2  out of     16    12%  

---------------------------
Partition Resource Summary:
---------------------------

  No Partitions were found in this design.

---------------------------


=========================================================================
Timing Report

NOTE: THESE TIMING NUMBERS ARE ONLY A SYNTHESIS ESTIMATE.
      FOR ACCURATE TIMING INFORMATION PLEASE REFER TO THE TRACE REPORT
      GENERATED AFTER PLACE-and-ROUTE.

Clock Information:
------------------
-----------------------------------+-----------------------------+-------+
Clock Signal                       | Clock buffer(FF name)       | Load  |
-----------------------------------+-----------------------------+-------+
diviseur_inst/clk2khz              | NONE(debounce3_inst/Q2_inst)| 9     |
clkin                              | dcm_inst/dcm_sp_inst:CLKFX  | 62    |
diviseur_inst/clk16hz              | NONE(shiftreg_inst/q_tmp_0) | 8     |
-----------------------------------+-----------------------------+-------+
INFO:Xst:2169 - HDL ADVISOR - Some clock signals were not automatically buffered by XST with BUFG/BUFR resources. Please use the buffer_type constraint in order to insert these buffers to the clock signals to help prevent skew problems.

Asynchronous Control Signals Information:
----------------------------------------
No asynchronous control signals found in this design

Timing Summary:
---------------
Speed Grade: -3

   Minimum period: 1.165ns (Maximum Frequency: 858.185MHz)
   Minimum input arrival time before clock: 2.534ns
   Maximum output required time after clock: 3.634ns
   Maximum combinational path delay: No path found

Timing Details:
---------------
All values displayed in nanoseconds (ns)

=========================================================================
Timing constraint: Default period analysis for Clock 'diviseur_inst/clk2khz'
  Clock period: 1.165ns (frequency: 858.185MHz)
  Total number of paths / destination ports: 6 / 6
-------------------------------------------------------------------------
Delay:               1.165ns (Levels of Logic = 0)
  Source:            debounce3_inst/Q1_inst (FF)
  Destination:       debounce3_inst/Q2_inst (FF)
  Source Clock:      diviseur_inst/clk2khz rising
  Destination Clock: diviseur_inst/clk2khz rising

  Data Path: debounce3_inst/Q1_inst to debounce3_inst/Q2_inst
                                Gate     Net
    Cell:in->out      fanout   Delay   Delay  Logical Name (Net Name)
    ----------------------------------------  ------------
     FD:C->Q               2   0.447   0.616  debounce3_inst/Q1_inst (debounce3_inst/Q1)
     FD:D                      0.102          debounce3_inst/Q2_inst
    ----------------------------------------
    Total                      1.165ns (0.549ns logic, 0.616ns route)
                                       (47.1% logic, 52.9% route)

=========================================================================
Timing constraint: Default period analysis for Clock 'clkin'
  Clock period: 0.679ns (frequency: 1473.518MHz)
  Total number of paths / destination ports: 1229 / 115
-------------------------------------------------------------------------
Delay:               4.242ns (Levels of Logic = 2)
  Source:            diviseur_inst/cnt2hz_20 (FF)
  Destination:       diviseur_inst/cnt2hz_21 (FF)
  Source Clock:      clkin rising 0.2X
  Destination Clock: clkin rising 0.2X

  Data Path: diviseur_inst/cnt2hz_20 to diviseur_inst/cnt2hz_21
                                Gate     Net
    Cell:in->out      fanout   Delay   Delay  Logical Name (Net Name)
    ----------------------------------------  ------------
     FDR:C->Q              2   0.447   0.864  diviseur_inst/cnt2hz_20 (diviseur_inst/cnt2hz_20)
     LUT4:I0->O            2   0.203   0.961  diviseur_inst/n0000_inv1 (diviseur_inst/n0000_inv1)
     LUT5:I0->O           22   0.203   1.133  diviseur_inst/n0000_inv4 (diviseur_inst/n0000_inv)
     FDR:R                     0.430          diviseur_inst/cnt2hz_0
    ----------------------------------------
    Total                      4.242ns (1.283ns logic, 2.959ns route)
                                       (30.2% logic, 69.8% route)

=========================================================================
Timing constraint: Default period analysis for Clock 'diviseur_inst/clk16hz'
  Clock period: 1.165ns (frequency: 858.185MHz)
  Total number of paths / destination ports: 7 / 7
-------------------------------------------------------------------------
Delay:               1.165ns (Levels of Logic = 0)
  Source:            shiftreg_inst/q_tmp_0 (FF)
  Destination:       shiftreg_inst/q_tmp_1 (FF)
  Source Clock:      diviseur_inst/clk16hz rising
  Destination Clock: diviseur_inst/clk16hz rising

  Data Path: shiftreg_inst/q_tmp_0 to shiftreg_inst/q_tmp_1
                                Gate     Net
    Cell:in->out      fanout   Delay   Delay  Logical Name (Net Name)
    ----------------------------------------  ------------
     FDCE:C->Q             2   0.447   0.616  q_tmp_0 (q_tmp_0)
     FDCE:D                    0.102          q_tmp_1
    ----------------------------------------
    Total                      1.165ns (0.549ns logic, 0.616ns route)
                                       (47.1% logic, 52.9% route)

=========================================================================
Timing constraint: Default OFFSET IN BEFORE for Clock 'diviseur_inst/clk2khz'
  Total number of paths / destination ports: 3 / 3
-------------------------------------------------------------------------
Offset:              1.903ns (Levels of Logic = 1)
  Source:            bouton3 (PAD)
  Destination:       debounce3_inst/Q0_inst (FF)
  Destination Clock: diviseur_inst/clk2khz rising

  Data Path: bouton3 to debounce3_inst/Q0_inst
                                Gate     Net
    Cell:in->out      fanout   Delay   Delay  Logical Name (Net Name)
    ----------------------------------------  ------------
     IBUF:I->O             1   1.222   0.579  bouton3_IBUF (bouton3_IBUF)
     FD:D                      0.102          debounce3_inst/Q0_inst
    ----------------------------------------
    Total                      1.903ns (1.324ns logic, 0.579ns route)
                                       (69.6% logic, 30.4% route)

=========================================================================
Timing constraint: Default OFFSET IN BEFORE for Clock 'clkin'
  Total number of paths / destination ports: 3 / 3
-------------------------------------------------------------------------
Offset:              2.534ns (Levels of Logic = 1)
  Source:            rst (PAD)
  Destination:       msa_inst/Q2_inst (FF)
  Destination Clock: clkin rising 0.2X

  Data Path: rst to msa_inst/Q2_inst
                                Gate     Net
    Cell:in->out      fanout   Delay   Delay  Logical Name (Net Name)
    ----------------------------------------  ------------
     IBUF:I->O            11   1.222   0.882  rst_IBUF (rst_IBUF)
     FDC:CLR                   0.430          msa_inst/Q0_inst
    ----------------------------------------
    Total                      2.534ns (1.652ns logic, 0.882ns route)
                                       (65.2% logic, 34.8% route)

=========================================================================
Timing constraint: Default OFFSET IN BEFORE for Clock 'diviseur_inst/clk16hz'
  Total number of paths / destination ports: 8 / 8
-------------------------------------------------------------------------
Offset:              2.534ns (Levels of Logic = 2)
  Source:            rst (PAD)
  Destination:       shiftreg_inst/q_tmp_0 (FF)
  Destination Clock: diviseur_inst/clk16hz rising

  Data Path: rst to shiftreg_inst/q_tmp_0
                                Gate     Net
    Cell:in->out      fanout   Delay   Delay  Logical Name (Net Name)
    ----------------------------------------  ------------
     IBUF:I->O            11   1.222   0.882  rst_IBUF (rst_IBUF)
     begin scope: 'shiftreg_inst'
     FDCE:CLR                  0.430          q_tmp_0
    ----------------------------------------
    Total                      2.534ns (1.652ns logic, 0.882ns route)
                                       (65.2% logic, 34.8% route)

=========================================================================
Timing constraint: Default OFFSET OUT AFTER for Clock 'diviseur_inst/clk16hz'
  Total number of paths / destination ports: 8 / 8
-------------------------------------------------------------------------
Offset:              3.634ns (Levels of Logic = 2)
  Source:            shiftreg_inst/q_tmp_6 (FF)
  Destination:       Q_del<6> (PAD)
  Source Clock:      diviseur_inst/clk16hz rising

  Data Path: shiftreg_inst/q_tmp_6 to Q_del<6>
                                Gate     Net
    Cell:in->out      fanout   Delay   Delay  Logical Name (Net Name)
    ----------------------------------------  ------------
     FDCE:C->Q             2   0.447   0.616  q_tmp_6 (q_tmp_6)
     end scope: 'shiftreg_inst'
     OBUF:I->O                 2.571          Q_del_6_OBUF (Q_del<6>)
    ----------------------------------------
    Total                      3.634ns (3.018ns logic, 0.616ns route)
                                       (83.0% logic, 17.0% route)

=========================================================================

Cross Clock Domains Report:
--------------------------

Clock to Setup on destination clock clkin
---------------------+---------+---------+---------+---------+
                     | Src:Rise| Src:Fall| Src:Rise| Src:Fall|
Source Clock         |Dest:Rise|Dest:Rise|Dest:Fall|Dest:Fall|
---------------------+---------+---------+---------+---------+
clkin                |    4.242|         |         |         |
diviseur_inst/clk2khz|    5.702|         |         |         |
---------------------+---------+---------+---------+---------+

Clock to Setup on destination clock diviseur_inst/clk16hz
---------------------+---------+---------+---------+---------+
                     | Src:Rise| Src:Fall| Src:Rise| Src:Fall|
Source Clock         |Dest:Rise|Dest:Rise|Dest:Fall|Dest:Fall|
---------------------+---------+---------+---------+---------+
clkin                |    3.377|         |         |         |
diviseur_inst/clk16hz|    1.165|         |         |         |
---------------------+---------+---------+---------+---------+

Clock to Setup on destination clock diviseur_inst/clk2khz
---------------------+---------+---------+---------+---------+
                     | Src:Rise| Src:Fall| Src:Rise| Src:Fall|
Source Clock         |Dest:Rise|Dest:Rise|Dest:Fall|Dest:Fall|
---------------------+---------+---------+---------+---------+
diviseur_inst/clk2khz|    1.165|         |         |         |
---------------------+---------+---------+---------+---------+

=========================================================================


Total REAL time to Xst completion: 3.00 secs
Total CPU time to Xst completion: 2.99 secs
 
--> 


Total memory usage is 146572 kilobytes

Number of errors   :    0 (   0 filtered)
Number of warnings :    0 (   0 filtered)
Number of infos    :    3 (   0 filtered)

