Release 12.4 - ngc2edif M.81d (lin)
Copyright (c) 1995-2010 Xilinx, Inc.  All rights reserved.
Reading design didact_top.ngc ...
WARNING:NetListWriters:298 - No output is written to didact_top.xncf, ignored.
Processing design ...
   Preping design's networks ...
   Preping design's macros ...
  finished :Prep
Writing EDIF netlist file didact_top.edif ...
ngc2edif: Total memory usage is 23492 kilobytes

Release 12.4 - ngc2edif M.81d (lin)
Copyright (c) 1995-2010 Xilinx, Inc.  All rights reserved.
Reading design rom_msa.ngc ...
WARNING:NetListWriters:298 - No output is written to rom_msa.xncf, ignored.
Processing design ...
   Preping design's networks ...
   Preping design's macros ...
  finished :Prep
Writing EDIF netlist file rom_msa.edif ...
ngc2edif: Total memory usage is 23264 kilobytes

